<?xml version="1.0" encoding="UTF-8"?>
<!-- Generated by org.testng.reporters.JUnitXMLReporter -->
<testsuite hostname="EdgarMunoz" name="MercuryLoginTest" tests="3" failures="0" timestamp="30 Aug 2017 18:16:43 GMT" time="10.758" errors="0">
  <testcase name="dataProviderExample" time="1.531" classname="com.revature.testsuites.MercuryLogin"/>
  <testcase name="dataProviderExample" time="1.75" classname="com.revature.testsuites.MercuryLogin"/>
  <testcase name="dataProviderExample" time="1.318" classname="com.revature.testsuites.MercuryLogin"/>
</testsuite> <!-- MercuryLoginTest -->
