<?xml version="1.0" encoding="UTF-8"?>
<!-- Generated by org.testng.reporters.JUnitXMLReporter -->
<testsuite hostname="EdgarMunoz" name="MercuryLoginTest" tests="5" failures="0" timestamp="29 Aug 2017 17:56:43 GMT" time="12.169" errors="0">
  <testcase name="validateLandingPage" time="0.013" classname="com.revature.testsuites.MercuryLogin"/>
  <testcase name="logIntoMercury" time="1.176" classname="com.revature.testsuites.MercuryLogin"/>
  <testcase name="logout" time="0.367" classname="com.revature.testsuites.MercuryLogin"/>
  <testcase name="dataProviderExample" time="1.336" classname="com.revature.testsuites.MercuryLogin"/>
  <testcase name="dataProviderExample" time="2.054" classname="com.revature.testsuites.MercuryLogin"/>
</testsuite> <!-- MercuryLoginTest -->
