<?xml version="1.0" encoding="UTF-8"?>
<!-- Generated by org.testng.reporters.JUnitXMLReporter -->
<testsuite hostname="EdgarMunoz" name="Default test" tests="3" failures="0" timestamp="29 Aug 2017 17:12:25 GMT" time="8.994" errors="0">
  <testcase name="validateLandingPage" time="0.012" classname="com.revature.testsuites.MercuryLogin"/>
  <testcase name="logIntoMercury" time="1.251" classname="com.revature.testsuites.MercuryLogin"/>
  <testcase name="logout" time="0.277" classname="com.revature.testsuites.MercuryLogin"/>
</testsuite> <!-- Default test -->
