<?xml version="1.0" encoding="UTF-8"?>
<testng-results skipped="0" failed="0" total="3" passed="3">
  <reporter-output>
  </reporter-output>
  <suite name="MercurySuite" duration-ms="10758" started-at="2017-08-30T18:16:33Z" finished-at="2017-08-30T18:16:43Z">
    <groups>
    </groups>
    <test name="MercuryLoginTest" duration-ms="10758" started-at="2017-08-30T18:16:33Z" finished-at="2017-08-30T18:16:43Z">
      <class name="com.revature.testsuites.MercuryLogin">
        <test-method status="PASS" signature="beforeTest(java.lang.String)[pri:0, instance:com.revature.testsuites.MercuryLogin@66a3ffec]" name="beforeTest" is-config="true" duration-ms="4569" started-at="2017-08-30T14:16:33Z" finished-at="2017-08-30T14:16:37Z">
          <params>
            <param index="0">
              <value>
                <![CDATA[http://newtours.demoaut.com/]]>
              </value>
            </param>
          </params>
          <reporter-output>
          </reporter-output>
        </test-method> <!-- beforeTest -->
        <test-method status="PASS" signature="dataProviderExample(java.lang.String, java.lang.String)[pri:0, instance:com.revature.testsuites.MercuryLogin@66a3ffec]" name="dataProviderExample" duration-ms="1531" started-at="2017-08-30T14:16:38Z" data-provider="provideAccountDetailsExcel" finished-at="2017-08-30T14:16:39Z">
          <params>
            <param index="0">
              <value>
                <![CDATA[bobbert]]>
              </value>
            </param>
            <param index="1">
              <value>
                <![CDATA[bobbert]]>
              </value>
            </param>
          </params>
          <reporter-output>
          </reporter-output>
        </test-method> <!-- dataProviderExample -->
        <test-method status="PASS" signature="dataProviderExample(java.lang.String, java.lang.String)[pri:0, instance:com.revature.testsuites.MercuryLogin@66a3ffec]" name="dataProviderExample" duration-ms="1750" started-at="2017-08-30T14:16:39Z" data-provider="provideAccountDetailsExcel" finished-at="2017-08-30T14:16:41Z">
          <params>
            <param index="0">
              <value>
                <![CDATA[testguy123]]>
              </value>
            </param>
            <param index="1">
              <value>
                <![CDATA[testguy123]]>
              </value>
            </param>
          </params>
          <reporter-output>
          </reporter-output>
        </test-method> <!-- dataProviderExample -->
        <test-method status="PASS" signature="dataProviderExample(java.lang.String, java.lang.String)[pri:0, instance:com.revature.testsuites.MercuryLogin@66a3ffec]" name="dataProviderExample" duration-ms="1318" started-at="2017-08-30T14:16:41Z" data-provider="provideAccountDetailsExcel" finished-at="2017-08-30T14:16:42Z">
          <params>
            <param index="0">
              <value>
                <![CDATA[edgar]]>
              </value>
            </param>
            <param index="1">
              <value>
                <![CDATA[edgar]]>
              </value>
            </param>
          </params>
          <reporter-output>
          </reporter-output>
        </test-method> <!-- dataProviderExample -->
        <test-method status="PASS" signature="afterTest()[pri:0, instance:com.revature.testsuites.MercuryLogin@66a3ffec]" name="afterTest" is-config="true" duration-ms="905" started-at="2017-08-30T14:16:42Z" finished-at="2017-08-30T14:16:43Z">
          <reporter-output>
          </reporter-output>
        </test-method> <!-- afterTest -->
      </class> <!-- com.revature.testsuites.MercuryLogin -->
    </test> <!-- MercuryLoginTest -->
  </suite> <!-- MercurySuite -->
</testng-results>
